c:\users\micha\desktop\mandelbrot\mandelbrot\x64\release\vc142.pdb
c:\users\micha\desktop\mandelbrot\mandelbrot\x64\release\mandlebrottask.obj
c:\users\micha\desktop\mandelbrot\mandelbrot\x64\release\mandelbrot.obj
c:\users\micha\desktop\mandelbrot\mandelbrot\x64\release\farm.obj
c:\users\micha\desktop\mandelbrot2\mandelbrot\x64\release\vc142.pdb
c:\users\micha\desktop\mandelbrot2\mandelbrot\x64\release\timingtask.obj
c:\users\micha\desktop\mandelbrot2\mandelbrot\x64\release\mandlebrottask.obj
c:\users\micha\desktop\mandelbrot2\mandelbrot\x64\release\mandelbrot.obj
c:\users\micha\desktop\mandelbrot2\mandelbrot\x64\release\farm.obj
c:\users\micha\desktop\mandelbrot2\mandelbrot\x64\release\writetask.obj
c:\users\micha\desktop\mandelbrot2\mandelbrot\x64\release\semaphore.obj
c:\users\micha\desktop\mandelbrot3\mandelbrot\x64\release\vc142.pdb
c:\users\micha\desktop\mandelbrot3\mandelbrot\x64\release\writetask.obj
c:\users\micha\desktop\mandelbrot3\mandelbrot\x64\release\mandelbrot.obj
c:\users\micha\desktop\mandelbrot3\mandelbrot\x64\release\farm.obj
c:\users\micha\desktop\mandelbrot3\mandelbrot\x64\release\mandlebrottask.obj
c:\users\micha\desktop\mandelbrot3\mandelbrot\x64\release\semaphore.obj
c:\users\micha\desktop\michael_ennis_mandlebrot_1902141\mandelbrot\x64\release\vc142.pdb
c:\users\micha\desktop\michael_ennis_mandlebrot_1902141\mandelbrot\x64\release\writetask.obj
c:\users\micha\desktop\michael_ennis_mandlebrot_1902141\mandelbrot\x64\release\semaphore.obj
c:\users\micha\desktop\michael_ennis_mandlebrot_1902141\mandelbrot\x64\release\mandlebrottask.obj
c:\users\micha\desktop\michael_ennis_mandlebrot_1902141\mandelbrot\x64\release\mandelbrot.obj
c:\users\micha\desktop\michael_ennis_mandlebrot_1902141\mandelbrot\x64\release\farm.obj
c:\users\micha\desktop\mandelbrot\x64\release\mandelbrot.exe
c:\users\micha\desktop\mandelbrot\mandelbrot\x64\release\mandelbrot.ipdb
c:\users\micha\desktop\mandelbrot\mandelbrot\x64\release\mandelbrot.iobj
c:\users\micha\desktop\mandelbrot\x64\release\mandelbrot.pdb
c:\users\micha\desktop\mandelbrot2\x64\release\mandelbrot.exe
c:\users\micha\desktop\mandelbrot2\mandelbrot\x64\release\mandelbrot.ipdb
c:\users\micha\desktop\mandelbrot2\mandelbrot\x64\release\mandelbrot.iobj
c:\users\micha\desktop\mandelbrot2\x64\release\mandelbrot.pdb
c:\users\micha\desktop\mandelbrot3\x64\release\mandelbrot.exe
c:\users\micha\desktop\mandelbrot3\mandelbrot\x64\release\mandelbrot.ipdb
c:\users\micha\desktop\mandelbrot3\mandelbrot\x64\release\mandelbrot.iobj
c:\users\micha\desktop\mandelbrot3\x64\release\mandelbrot.pdb
c:\users\micha\desktop\michael_ennis_mandlebrot_1902141\x64\release\mandelbrot.exe
c:\users\micha\desktop\michael_ennis_mandlebrot_1902141\mandelbrot\x64\release\mandelbrot.ipdb
c:\users\micha\desktop\michael_ennis_mandlebrot_1902141\mandelbrot\x64\release\mandelbrot.iobj
c:\users\micha\desktop\michael_ennis_mandlebrot_1902141\x64\release\mandelbrot.pdb
c:\users\micha\desktop\michael_ennis_mandlebrot_1902141\mandelbrot\x64\release\timingtask.obj
c:\users\micha\desktop\michael_ennis_mandlebrot_1902141\mandelbrot\x64\release\mandelbrot.tlog\cl.command.1.tlog
c:\users\micha\desktop\michael_ennis_mandlebrot_1902141\mandelbrot\x64\release\mandelbrot.tlog\cl.read.1.tlog
c:\users\micha\desktop\michael_ennis_mandlebrot_1902141\mandelbrot\x64\release\mandelbrot.tlog\cl.write.1.tlog
c:\users\micha\desktop\michael_ennis_mandlebrot_1902141\mandelbrot\x64\release\mandelbrot.tlog\link.command.1.tlog
c:\users\micha\desktop\michael_ennis_mandlebrot_1902141\mandelbrot\x64\release\mandelbrot.tlog\link.read.1.tlog
c:\users\micha\desktop\michael_ennis_mandlebrot_1902141\mandelbrot\x64\release\mandelbrot.tlog\link.write.1.tlog
